This file contains any messages produced by compilers while
running configure, to aid debugging if configure makes a mistake.

It was created by CURSO_TAREA configure 1.0, which was
generated by GNU Autoconf 2.69.  Invocation command line was

  $ ./configure 

## --------- ##
## Platform. ##
## --------- ##

hostname = NEPTUNO
uname -m = x86_64
uname -r = 3.18.2-falcot
uname -s = Linux
uname -v = #1 SMP Wed Jan 14 15:41:41 CET 2015

/usr/bin/uname -p = unknown
/bin/uname -X     = unknown

/bin/arch              = unknown
/usr/bin/arch -k       = unknown
/usr/convex/getsysinfo = unknown
/usr/bin/hostinfo      = unknown
/bin/machine           = unknown
/usr/bin/oslevel       = unknown
/bin/universe          = unknown

PATH: /usr/local/heroku/bin
PATH: /usr/local/sbin
PATH: /usr/local/bin
PATH: /usr/sbin
PATH: /usr/bin
PATH: /sbin
PATH: /bin
PATH: /usr/games
PATH: /usr/local/games


## ----------- ##
## Core tests. ##
## ----------- ##

configure:2075: checking for a BSD-compatible install
configure:2143: result: /usr/bin/install -c
configure:2154: checking whether build environment is sane
configure:2209: result: yes
configure:2360: checking for a thread-safe mkdir -p
configure:2399: result: /bin/mkdir -p
configure:2406: checking for gawk
configure:2422: found /usr/bin/gawk
configure:2433: result: gawk
configure:2444: checking whether make sets $(MAKE)
configure:2466: result: yes
configure:2495: checking whether make supports nested variables
configure:2512: result: yes
configure:2691: checking for gcc
configure:2707: found /usr/bin/gcc
configure:2718: result: gcc
configure:2947: checking for C compiler version
configure:2956: gcc --version >&5
gcc (Ubuntu 4.8.2-19ubuntu1) 4.8.2
Copyright (C) 2013 Free Software Foundation, Inc.
This is free software; see the source for copying conditions.  There is NO
warranty; not even for MERCHANTABILITY or FITNESS FOR A PARTICULAR PURPOSE.

configure:2967: $? = 0
configure:2956: gcc -v >&5
Using built-in specs.
COLLECT_GCC=gcc
COLLECT_LTO_WRAPPER=/usr/lib/gcc/x86_64-linux-gnu/4.8/lto-wrapper
Target: x86_64-linux-gnu
Configured with: ../src/configure -v --with-pkgversion='Ubuntu 4.8.2-19ubuntu1' --with-bugurl=file:///usr/share/doc/gcc-4.8/README.Bugs --enable-languages=c,c++,java,go,d,fortran,objc,obj-c++ --prefix=/usr --program-suffix=-4.8 --enable-shared --enable-linker-build-id --libexecdir=/usr/lib --without-included-gettext --enable-threads=posix --with-gxx-include-dir=/usr/include/c++/4.8 --libdir=/usr/lib --enable-nls --with-sysroot=/ --enable-clocale=gnu --enable-libstdcxx-debug --enable-libstdcxx-time=yes --enable-gnu-unique-object --disable-libmudflap --enable-plugin --with-system-zlib --disable-browser-plugin --enable-java-awt=gtk --enable-gtk-cairo --with-java-home=/usr/lib/jvm/java-1.5.0-gcj-4.8-amd64/jre --enable-java-home --with-jvm-root-dir=/usr/lib/jvm/java-1.5.0-gcj-4.8-amd64 --with-jvm-jar-dir=/usr/lib/jvm-exports/java-1.5.0-gcj-4.8-amd64 --with-arch-directory=amd64 --with-ecj-jar=/usr/share/java/eclipse-ecj.jar --enable-objc-gc --enable-multiarch --disable-werror --with-arch-32=i686 --with-abi=m64 --with-multilib-list=m32,m64,mx32 --with-tune=generic --enable-checking=release --build=x86_64-linux-gnu --host=x86_64-linux-gnu --target=x86_64-linux-gnu
Thread model: posix
gcc version 4.8.2 (Ubuntu 4.8.2-19ubuntu1) 
configure:2967: $? = 0
configure:2956: gcc -V >&5
gcc: error: unrecognized command line option '-V'
gcc: fatal error: no input files
compilation terminated.
configure:2967: $? = 4
configure:2956: gcc -qversion >&5
gcc: error: unrecognized command line option '-qversion'
gcc: fatal error: no input files
compilation terminated.
configure:2967: $? = 4
configure:2987: checking whether the C compiler works
configure:3009: gcc    conftest.c  >&5
configure:3013: $? = 0
configure:3061: result: yes
configure:3064: checking for C compiler default output file name
configure:3066: result: a.out
configure:3072: checking for suffix of executables
configure:3079: gcc -o conftest    conftest.c  >&5
configure:3083: $? = 0
configure:3105: result: 
configure:3127: checking whether we are cross compiling
configure:3135: gcc -o conftest    conftest.c  >&5
configure:3139: $? = 0
configure:3146: ./conftest
configure:3150: $? = 0
configure:3165: result: no
configure:3170: checking for suffix of object files
configure:3192: gcc -c   conftest.c >&5
configure:3196: $? = 0
configure:3217: result: o
configure:3221: checking whether we are using the GNU C compiler
configure:3240: gcc -c   conftest.c >&5
configure:3240: $? = 0
configure:3249: result: yes
configure:3258: checking whether gcc accepts -g
configure:3278: gcc -c -g  conftest.c >&5
configure:3278: $? = 0
configure:3319: result: yes
configure:3336: checking for gcc option to accept ISO C89
configure:3399: gcc  -c -g -O2  conftest.c >&5
configure:3399: $? = 0
configure:3412: result: none needed
configure:3437: checking whether gcc understands -c and -o together
configure:3459: gcc -c conftest.c -o conftest2.o
configure:3462: $? = 0
configure:3459: gcc -c conftest.c -o conftest2.o
configure:3462: $? = 0
configure:3474: result: yes
configure:3502: checking for style of include used by make
configure:3530: result: GNU
configure:3556: checking dependency style of gcc
configure:3667: result: gcc3
configure:3688: checking how to run the C preprocessor
configure:3719: gcc -E  conftest.c
configure:3719: $? = 0
configure:3733: gcc -E  conftest.c
conftest.c:11:28: fatal error: ac_nonexistent.h: No such file or directory
 #include <ac_nonexistent.h>
                            ^
compilation terminated.
configure:3733: $? = 1
configure: failed program was:
| /* confdefs.h */
| #define PACKAGE_NAME "CURSO_TAREA"
| #define PACKAGE_TARNAME "curso_tarea"
| #define PACKAGE_VERSION "1.0"
| #define PACKAGE_STRING "CURSO_TAREA 1.0"
| #define PACKAGE_BUGREPORT "caballeroalba@caballeroalba.cf"
| #define PACKAGE_URL ""
| #define PACKAGE "ejercicio1"
| #define VERSION "1.0"
| /* end confdefs.h.  */
| #include <ac_nonexistent.h>
configure:3758: result: gcc -E
configure:3778: gcc -E  conftest.c
configure:3778: $? = 0
configure:3792: gcc -E  conftest.c
conftest.c:11:28: fatal error: ac_nonexistent.h: No such file or directory
 #include <ac_nonexistent.h>
                            ^
compilation terminated.
configure:3792: $? = 1
configure: failed program was:
| /* confdefs.h */
| #define PACKAGE_NAME "CURSO_TAREA"
| #define PACKAGE_TARNAME "curso_tarea"
| #define PACKAGE_VERSION "1.0"
| #define PACKAGE_STRING "CURSO_TAREA 1.0"
| #define PACKAGE_BUGREPORT "caballeroalba@caballeroalba.cf"
| #define PACKAGE_URL ""
| #define PACKAGE "ejercicio1"
| #define VERSION "1.0"
| /* end confdefs.h.  */
| #include <ac_nonexistent.h>
configure:3821: checking for grep that handles long lines and -e
configure:3879: result: /bin/grep
configure:3884: checking for egrep
configure:3946: result: /bin/grep -E
configure:3951: checking for ANSI C header files
configure:3971: gcc -c -g -O2  conftest.c >&5
configure:3971: $? = 0
configure:4044: gcc -o conftest -g -O2   conftest.c  >&5
configure:4044: $? = 0
configure:4044: ./conftest
configure:4044: $? = 0
configure:4055: result: yes
configure:4068: checking for sys/types.h
configure:4068: gcc -c -g -O2  conftest.c >&5
configure:4068: $? = 0
configure:4068: result: yes
configure:4068: checking for sys/stat.h
configure:4068: gcc -c -g -O2  conftest.c >&5
configure:4068: $? = 0
configure:4068: result: yes
configure:4068: checking for stdlib.h
configure:4068: gcc -c -g -O2  conftest.c >&5
configure:4068: $? = 0
configure:4068: result: yes
configure:4068: checking for string.h
configure:4068: gcc -c -g -O2  conftest.c >&5
configure:4068: $? = 0
configure:4068: result: yes
configure:4068: checking for memory.h
configure:4068: gcc -c -g -O2  conftest.c >&5
configure:4068: $? = 0
configure:4068: result: yes
configure:4068: checking for strings.h
configure:4068: gcc -c -g -O2  conftest.c >&5
configure:4068: $? = 0
configure:4068: result: yes
configure:4068: checking for inttypes.h
configure:4068: gcc -c -g -O2  conftest.c >&5
configure:4068: $? = 0
configure:4068: result: yes
configure:4068: checking for stdint.h
configure:4068: gcc -c -g -O2  conftest.c >&5
configure:4068: $? = 0
configure:4068: result: yes
configure:4068: checking for unistd.h
configure:4068: gcc -c -g -O2  conftest.c >&5
configure:4068: $? = 0
configure:4068: result: yes
configure:4083: checking tarea.h usability
configure:4083: gcc -c -g -O2  conftest.c >&5
conftest.c:54:19: fatal error: tarea.h: No such file or directory
 #include <tarea.h>
                   ^
compilation terminated.
configure:4083: $? = 1
configure: failed program was:
| /* confdefs.h */
| #define PACKAGE_NAME "CURSO_TAREA"
| #define PACKAGE_TARNAME "curso_tarea"
| #define PACKAGE_VERSION "1.0"
| #define PACKAGE_STRING "CURSO_TAREA 1.0"
| #define PACKAGE_BUGREPORT "caballeroalba@caballeroalba.cf"
| #define PACKAGE_URL ""
| #define PACKAGE "ejercicio1"
| #define VERSION "1.0"
| #define STDC_HEADERS 1
| #define HAVE_SYS_TYPES_H 1
| #define HAVE_SYS_STAT_H 1
| #define HAVE_STDLIB_H 1
| #define HAVE_STRING_H 1
| #define HAVE_MEMORY_H 1
| #define HAVE_STRINGS_H 1
| #define HAVE_INTTYPES_H 1
| #define HAVE_STDINT_H 1
| #define HAVE_UNISTD_H 1
| /* end confdefs.h.  */
| #include <stdio.h>
| #ifdef HAVE_SYS_TYPES_H
| # include <sys/types.h>
| #endif
| #ifdef HAVE_SYS_STAT_H
| # include <sys/stat.h>
| #endif
| #ifdef STDC_HEADERS
| # include <stdlib.h>
| # include <stddef.h>
| #else
| # ifdef HAVE_STDLIB_H
| #  include <stdlib.h>
| # endif
| #endif
| #ifdef HAVE_STRING_H
| # if !defined STDC_HEADERS && defined HAVE_MEMORY_H
| #  include <memory.h>
| # endif
| # include <string.h>
| #endif
| #ifdef HAVE_STRINGS_H
| # include <strings.h>
| #endif
| #ifdef HAVE_INTTYPES_H
| # include <inttypes.h>
| #endif
| #ifdef HAVE_STDINT_H
| # include <stdint.h>
| #endif
| #ifdef HAVE_UNISTD_H
| # include <unistd.h>
| #endif
| #include <tarea.h>
configure:4083: result: no
configure:4083: checking tarea.h presence
configure:4083: gcc -E  conftest.c
conftest.c:21:19: fatal error: tarea.h: No such file or directory
 #include <tarea.h>
                   ^
compilation terminated.
configure:4083: $? = 1
configure: failed program was:
| /* confdefs.h */
| #define PACKAGE_NAME "CURSO_TAREA"
| #define PACKAGE_TARNAME "curso_tarea"
| #define PACKAGE_VERSION "1.0"
| #define PACKAGE_STRING "CURSO_TAREA 1.0"
| #define PACKAGE_BUGREPORT "caballeroalba@caballeroalba.cf"
| #define PACKAGE_URL ""
| #define PACKAGE "ejercicio1"
| #define VERSION "1.0"
| #define STDC_HEADERS 1
| #define HAVE_SYS_TYPES_H 1
| #define HAVE_SYS_STAT_H 1
| #define HAVE_STDLIB_H 1
| #define HAVE_STRING_H 1
| #define HAVE_MEMORY_H 1
| #define HAVE_STRINGS_H 1
| #define HAVE_INTTYPES_H 1
| #define HAVE_STDINT_H 1
| #define HAVE_UNISTD_H 1
| /* end confdefs.h.  */
| #include <tarea.h>
configure:4083: result: no
configure:4083: checking for tarea.h
configure:4083: result: no
configure:4083: checking gestor_tarea.h usability
configure:4083: gcc -c -g -O2  conftest.c >&5
conftest.c:54:26: fatal error: gestor_tarea.h: No such file or directory
 #include <gestor_tarea.h>
                          ^
compilation terminated.
configure:4083: $? = 1
configure: failed program was:
| /* confdefs.h */
| #define PACKAGE_NAME "CURSO_TAREA"
| #define PACKAGE_TARNAME "curso_tarea"
| #define PACKAGE_VERSION "1.0"
| #define PACKAGE_STRING "CURSO_TAREA 1.0"
| #define PACKAGE_BUGREPORT "caballeroalba@caballeroalba.cf"
| #define PACKAGE_URL ""
| #define PACKAGE "ejercicio1"
| #define VERSION "1.0"
| #define STDC_HEADERS 1
| #define HAVE_SYS_TYPES_H 1
| #define HAVE_SYS_STAT_H 1
| #define HAVE_STDLIB_H 1
| #define HAVE_STRING_H 1
| #define HAVE_MEMORY_H 1
| #define HAVE_STRINGS_H 1
| #define HAVE_INTTYPES_H 1
| #define HAVE_STDINT_H 1
| #define HAVE_UNISTD_H 1
| /* end confdefs.h.  */
| #include <stdio.h>
| #ifdef HAVE_SYS_TYPES_H
| # include <sys/types.h>
| #endif
| #ifdef HAVE_SYS_STAT_H
| # include <sys/stat.h>
| #endif
| #ifdef STDC_HEADERS
| # include <stdlib.h>
| # include <stddef.h>
| #else
| # ifdef HAVE_STDLIB_H
| #  include <stdlib.h>
| # endif
| #endif
| #ifdef HAVE_STRING_H
| # if !defined STDC_HEADERS && defined HAVE_MEMORY_H
| #  include <memory.h>
| # endif
| # include <string.h>
| #endif
| #ifdef HAVE_STRINGS_H
| # include <strings.h>
| #endif
| #ifdef HAVE_INTTYPES_H
| # include <inttypes.h>
| #endif
| #ifdef HAVE_STDINT_H
| # include <stdint.h>
| #endif
| #ifdef HAVE_UNISTD_H
| # include <unistd.h>
| #endif
| #include <gestor_tarea.h>
configure:4083: result: no
configure:4083: checking gestor_tarea.h presence
configure:4083: gcc -E  conftest.c
conftest.c:21:26: fatal error: gestor_tarea.h: No such file or directory
 #include <gestor_tarea.h>
                          ^
compilation terminated.
configure:4083: $? = 1
configure: failed program was:
| /* confdefs.h */
| #define PACKAGE_NAME "CURSO_TAREA"
| #define PACKAGE_TARNAME "curso_tarea"
| #define PACKAGE_VERSION "1.0"
| #define PACKAGE_STRING "CURSO_TAREA 1.0"
| #define PACKAGE_BUGREPORT "caballeroalba@caballeroalba.cf"
| #define PACKAGE_URL ""
| #define PACKAGE "ejercicio1"
| #define VERSION "1.0"
| #define STDC_HEADERS 1
| #define HAVE_SYS_TYPES_H 1
| #define HAVE_SYS_STAT_H 1
| #define HAVE_STDLIB_H 1
| #define HAVE_STRING_H 1
| #define HAVE_MEMORY_H 1
| #define HAVE_STRINGS_H 1
| #define HAVE_INTTYPES_H 1
| #define HAVE_STDINT_H 1
| #define HAVE_UNISTD_H 1
| /* end confdefs.h.  */
| #include <gestor_tarea.h>
configure:4083: result: no
configure:4083: checking for gestor_tarea.h
configure:4083: result: no
configure:4083: checking for string.h
configure:4083: result: yes
configure:4083: checking for stdlib.h
configure:4083: result: yes
configure:4083: checking for stdint.h
configure:4083: result: yes
configure:4095: checking for stdlib.h
configure:4095: result: yes
configure:4105: checking for GNU libc compatible malloc
configure:4129: gcc -o conftest -g -O2   conftest.c  >&5
configure:4129: $? = 0
configure:4129: ./conftest
configure:4129: $? = 0
configure:4139: result: yes
configure:4307: checking that generated files are newer than configure
configure:4313: result: done
configure:4336: creating ./config.status

## ---------------------- ##
## Running config.status. ##
## ---------------------- ##

This file was extended by CURSO_TAREA config.status 1.0, which was
generated by GNU Autoconf 2.69.  Invocation command line was

  CONFIG_FILES    = 
  CONFIG_HEADERS  = 
  CONFIG_LINKS    = 
  CONFIG_COMMANDS = 
  $ ./config.status 

on NEPTUNO

config.status:778: creating Makefile
config.status:778: creating src/Makefile
config.status:950: executing depfiles commands

## ---------------- ##
## Cache variables. ##
## ---------------- ##

ac_cv_c_compiler_gnu=yes
ac_cv_env_CC_set=
ac_cv_env_CC_value=
ac_cv_env_CFLAGS_set=
ac_cv_env_CFLAGS_value=
ac_cv_env_CPPFLAGS_set=
ac_cv_env_CPPFLAGS_value=
ac_cv_env_CPP_set=
ac_cv_env_CPP_value=
ac_cv_env_LDFLAGS_set=
ac_cv_env_LDFLAGS_value=
ac_cv_env_LIBS_set=
ac_cv_env_LIBS_value=
ac_cv_env_build_alias_set=
ac_cv_env_build_alias_value=
ac_cv_env_host_alias_set=
ac_cv_env_host_alias_value=
ac_cv_env_target_alias_set=
ac_cv_env_target_alias_value=
ac_cv_func_malloc_0_nonnull=yes
ac_cv_header_gestor_tarea_h=no
ac_cv_header_inttypes_h=yes
ac_cv_header_memory_h=yes
ac_cv_header_stdc=yes
ac_cv_header_stdint_h=yes
ac_cv_header_stdlib_h=yes
ac_cv_header_string_h=yes
ac_cv_header_strings_h=yes
ac_cv_header_sys_stat_h=yes
ac_cv_header_sys_types_h=yes
ac_cv_header_tarea_h=no
ac_cv_header_unistd_h=yes
ac_cv_objext=o
ac_cv_path_EGREP='/bin/grep -E'
ac_cv_path_GREP=/bin/grep
ac_cv_path_install='/usr/bin/install -c'
ac_cv_path_mkdir=/bin/mkdir
ac_cv_prog_AWK=gawk
ac_cv_prog_CPP='gcc -E'
ac_cv_prog_ac_ct_CC=gcc
ac_cv_prog_cc_c89=
ac_cv_prog_cc_g=yes
ac_cv_prog_make_make_set=yes
am_cv_CC_dependencies_compiler_type=gcc3
am_cv_make_support_nested_variables=yes
am_cv_prog_cc_c_o=yes

## ----------------- ##
## Output variables. ##
## ----------------- ##

ACLOCAL='${SHELL} /home/caballeroalba/Programacion-C-Clase2/ejercicios/2/missing aclocal-1.14'
AMDEPBACKSLASH='\'
AMDEP_FALSE='#'
AMDEP_TRUE=''
AMTAR='$${TAR-tar}'
AM_BACKSLASH='\'
AM_DEFAULT_V='$(AM_DEFAULT_VERBOSITY)'
AM_DEFAULT_VERBOSITY='1'
AM_V='$(V)'
AUTOCONF='${SHELL} /home/caballeroalba/Programacion-C-Clase2/ejercicios/2/missing autoconf'
AUTOHEADER='${SHELL} /home/caballeroalba/Programacion-C-Clase2/ejercicios/2/missing autoheader'
AUTOMAKE='${SHELL} /home/caballeroalba/Programacion-C-Clase2/ejercicios/2/missing automake-1.14'
AWK='gawk'
CC='gcc'
CCDEPMODE='depmode=gcc3'
CFLAGS='-g -O2'
CPP='gcc -E'
CPPFLAGS=''
CYGPATH_W='echo'
DEFS='-DPACKAGE_NAME=\"CURSO_TAREA\" -DPACKAGE_TARNAME=\"curso_tarea\" -DPACKAGE_VERSION=\"1.0\" -DPACKAGE_STRING=\"CURSO_TAREA\ 1.0\" -DPACKAGE_BUGREPORT=\"caballeroalba@caballeroalba.cf\" -DPACKAGE_URL=\"\" -DPACKAGE=\"ejercicio1\" -DVERSION=\"1.0\" -DSTDC_HEADERS=1 -DHAVE_SYS_TYPES_H=1 -DHAVE_SYS_STAT_H=1 -DHAVE_STDLIB_H=1 -DHAVE_STRING_H=1 -DHAVE_MEMORY_H=1 -DHAVE_STRINGS_H=1 -DHAVE_INTTYPES_H=1 -DHAVE_STDINT_H=1 -DHAVE_UNISTD_H=1 -DHAVE_STRING_H=1 -DHAVE_STDLIB_H=1 -DHAVE_STDINT_H=1 -DHAVE_STDLIB_H=1 -DHAVE_MALLOC=1'
DEPDIR='.deps'
ECHO_C=''
ECHO_N='-n'
ECHO_T=''
EGREP='/bin/grep -E'
EXEEXT=''
GREP='/bin/grep'
INSTALL_DATA='${INSTALL} -m 644'
INSTALL_PROGRAM='${INSTALL}'
INSTALL_SCRIPT='${INSTALL}'
INSTALL_STRIP_PROGRAM='$(install_sh) -c -s'
LDFLAGS=''
LIBOBJS=''
LIBS=''
LTLIBOBJS=''
MAKEINFO='${SHELL} /home/caballeroalba/Programacion-C-Clase2/ejercicios/2/missing makeinfo'
MKDIR_P='/bin/mkdir -p'
OBJEXT='o'
PACKAGE='ejercicio1'
PACKAGE_BUGREPORT='caballeroalba@caballeroalba.cf'
PACKAGE_NAME='CURSO_TAREA'
PACKAGE_STRING='CURSO_TAREA 1.0'
PACKAGE_TARNAME='curso_tarea'
PACKAGE_URL=''
PACKAGE_VERSION='1.0'
PATH_SEPARATOR=':'
SET_MAKE=''
SHELL='/bin/bash'
STRIP=''
VERSION='1.0'
ac_ct_CC='gcc'
am__EXEEXT_FALSE=''
am__EXEEXT_TRUE='#'
am__fastdepCC_FALSE='#'
am__fastdepCC_TRUE=''
am__include='include'
am__isrc=''
am__leading_dot='.'
am__nodep='_no'
am__quote=''
am__tar='$${TAR-tar} chof - "$$tardir"'
am__untar='$${TAR-tar} xf -'
bindir='${exec_prefix}/bin'
build_alias=''
datadir='${datarootdir}'
datarootdir='${prefix}/share'
docdir='${datarootdir}/doc/${PACKAGE_TARNAME}'
dvidir='${docdir}'
exec_prefix='${prefix}'
host_alias=''
htmldir='${docdir}'
includedir='${prefix}/include'
infodir='${datarootdir}/info'
install_sh='${SHELL} /home/caballeroalba/Programacion-C-Clase2/ejercicios/2/install-sh'
libdir='${exec_prefix}/lib'
libexecdir='${exec_prefix}/libexec'
localedir='${datarootdir}/locale'
localstatedir='${prefix}/var'
mandir='${datarootdir}/man'
mkdir_p='$(MKDIR_P)'
oldincludedir='/usr/include'
pdfdir='${docdir}'
prefix='/usr/local'
program_transform_name='s,x,x,'
psdir='${docdir}'
sbindir='${exec_prefix}/sbin'
sharedstatedir='${prefix}/com'
sysconfdir='${prefix}/etc'
target_alias=''

## ----------- ##
## confdefs.h. ##
## ----------- ##

/* confdefs.h */
#define PACKAGE_NAME "CURSO_TAREA"
#define PACKAGE_TARNAME "curso_tarea"
#define PACKAGE_VERSION "1.0"
#define PACKAGE_STRING "CURSO_TAREA 1.0"
#define PACKAGE_BUGREPORT "caballeroalba@caballeroalba.cf"
#define PACKAGE_URL ""
#define PACKAGE "ejercicio1"
#define VERSION "1.0"
#define STDC_HEADERS 1
#define HAVE_SYS_TYPES_H 1
#define HAVE_SYS_STAT_H 1
#define HAVE_STDLIB_H 1
#define HAVE_STRING_H 1
#define HAVE_MEMORY_H 1
#define HAVE_STRINGS_H 1
#define HAVE_INTTYPES_H 1
#define HAVE_STDINT_H 1
#define HAVE_UNISTD_H 1
#define HAVE_STRING_H 1
#define HAVE_STDLIB_H 1
#define HAVE_STDINT_H 1
#define HAVE_STDLIB_H 1
#define HAVE_MALLOC 1

configure: exit 0
